2025-08-13 12:31:55,919 INFO    StreamThr :25536 [internal.py:wandb_internal():86] W&B internal server running at pid: 25536, started at: 2025-08-13 12:31:55.919634
2025-08-13 12:31:55,921 DEBUG   HandlerThread:25536 [handler.py:handle_request():144] handle_request: status
2025-08-13 12:31:55,922 INFO    WriterThread:25536 [datastore.py:open_for_write():85] open: D:\PycharmProjects\MyReinFlow\wandb\run-20250813_123155-y0i89rdy\run-y0i89rdy.wandb
2025-08-13 12:31:55,924 DEBUG   SenderThread:25536 [sender.py:send():375] send: header
2025-08-13 12:32:00,946 DEBUG   HandlerThread:25536 [handler.py:handle_request():144] handle_request: status_report
2025-08-13 12:32:06,000 DEBUG   HandlerThread:25536 [handler.py:handle_request():144] handle_request: status_report
2025-08-13 12:32:10,537 DEBUG   SenderThread:25536 [sender.py:send():375] send: run
2025-08-13 12:32:14,369 INFO    SenderThread:25536 [dir_watcher.py:__init__():219] watching files in: D:\PycharmProjects\MyReinFlow\wandb\run-20250813_123155-y0i89rdy\files
2025-08-13 12:32:14,370 INFO    SenderThread:25536 [sender.py:_start_run_threads():1124] run started: y0i89rdy with start time 1755059515.919634
2025-08-13 12:32:14,370 DEBUG   SenderThread:25536 [sender.py:send_request():402] send_request: summary_record
2025-08-13 12:32:14,370 DEBUG   HandlerThread:25536 [handler.py:handle_request():144] handle_request: status_report
2025-08-13 12:32:14,370 INFO    SenderThread:25536 [sender.py:_save_file():1378] saving file wandb-summary.json with policy end
2025-08-13 12:32:14,371 DEBUG   HandlerThread:25536 [handler.py:handle_request():144] handle_request: check_version
2025-08-13 12:32:14,371 DEBUG   SenderThread:25536 [sender.py:send_request():402] send_request: check_version
2025-08-13 12:32:15,374 INFO    Thread-16 :25536 [dir_watcher.py:_on_file_created():278] file/dir created: D:\PycharmProjects\MyReinFlow\wandb\run-20250813_123155-y0i89rdy\files\wandb-summary.json
2025-08-13 12:32:15,385 DEBUG   HandlerThread:25536 [handler.py:handle_request():144] handle_request: run_start
2025-08-13 12:32:17,717 DEBUG   HandlerThread:25536 [system_info.py:__init__():31] System info init
2025-08-13 12:32:17,718 DEBUG   HandlerThread:25536 [system_info.py:__init__():46] System info init done
2025-08-13 12:32:17,718 INFO    HandlerThread:25536 [system_monitor.py:start():181] Starting system monitor
2025-08-13 12:32:17,718 INFO    SystemMonitor:25536 [system_monitor.py:_start():145] Starting system asset monitoring threads
2025-08-13 12:32:17,718 INFO    HandlerThread:25536 [system_monitor.py:probe():201] Collecting system info
2025-08-13 12:32:17,723 INFO    SystemMonitor:25536 [interfaces.py:start():190] Started cpu monitoring
2025-08-13 12:32:17,723 INFO    SystemMonitor:25536 [interfaces.py:start():190] Started disk monitoring
2025-08-13 12:32:17,724 INFO    SystemMonitor:25536 [interfaces.py:start():190] Started gpu monitoring
2025-08-13 12:32:17,730 INFO    SystemMonitor:25536 [interfaces.py:start():190] Started memory monitoring
2025-08-13 12:32:17,741 INFO    SystemMonitor:25536 [interfaces.py:start():190] Started network monitoring
2025-08-13 12:32:17,745 DEBUG   HandlerThread:25536 [system_info.py:probe():195] Probing system
2025-08-13 12:32:17,746 DEBUG   HandlerThread:25536 [system_info.py:_probe_git():180] Probing git
2025-08-13 12:32:19,759 ERROR   gpu       :25536 [interfaces.py:monitor():144] Failed to sample metric: Unknown Error
2025-08-13 12:32:19,760 ERROR   gpu       :25536 [interfaces.py:monitor():144] Failed to sample metric: Unknown Error
2025-08-13 12:32:22,234 ERROR   gpu       :25536 [interfaces.py:monitor():144] Failed to sample metric: Unknown Error
2025-08-13 12:32:22,234 ERROR   gpu       :25536 [interfaces.py:monitor():144] Failed to sample metric: Unknown Error
2025-08-13 12:32:24,701 ERROR   gpu       :25536 [interfaces.py:monitor():144] Failed to sample metric: Unknown Error
2025-08-13 12:32:24,701 ERROR   gpu       :25536 [interfaces.py:monitor():144] Failed to sample metric: Unknown Error
2025-08-13 12:32:27,159 ERROR   gpu       :25536 [interfaces.py:monitor():144] Failed to sample metric: Unknown Error
2025-08-13 12:32:27,159 ERROR   gpu       :25536 [interfaces.py:monitor():144] Failed to sample metric: Unknown Error
2025-08-13 12:32:29,619 ERROR   gpu       :25536 [interfaces.py:monitor():144] Failed to sample metric: Unknown Error
2025-08-13 12:32:29,619 ERROR   gpu       :25536 [interfaces.py:monitor():144] Failed to sample metric: Unknown Error
2025-08-13 12:32:32,082 ERROR   gpu       :25536 [interfaces.py:monitor():144] Failed to sample metric: Unknown Error
2025-08-13 12:32:32,082 ERROR   gpu       :25536 [interfaces.py:monitor():144] Failed to sample metric: Unknown Error
2025-08-13 12:32:34,553 ERROR   gpu       :25536 [interfaces.py:monitor():144] Failed to sample metric: Unknown Error
2025-08-13 12:32:34,553 ERROR   gpu       :25536 [interfaces.py:monitor():144] Failed to sample metric: Unknown Error
2025-08-13 12:32:36,544 DEBUG   HandlerThread:25536 [system_info.py:_probe_git():188] Probing git done
2025-08-13 12:32:36,544 DEBUG   HandlerThread:25536 [system_info.py:probe():240] Probing system done
2025-08-13 12:32:36,544 DEBUG   HandlerThread:25536 [system_monitor.py:probe():210] {'os': 'Windows-10-10.0.26100-SP0', 'python': '3.10.18', 'heartbeatAt': '2025-08-13T04:32:17.745649', 'startedAt': '2025-08-13T04:31:55.908475', 'docker': None, 'cuda': None, 'args': (), 'state': 'running', 'program': 'd:\\PycharmProjects\\MyReinFlow\\run_bc_example.py', 'codePath': 'run_bc_example.py', 'git': {'remote': None, 'commit': '6367b75c8ca70e3d8e44f77de9b3c1404b09e2de'}, 'email': '3229321281@qq.com', 'root': 'D:/PycharmProjects/MyReinFlow', 'host': 'feng', 'username': '32293', 'executable': 'C:\\Users\\32293\\.conda\\envs\\xuance\\python.exe', 'cpu_count': 16, 'cpu_count_logical': 24, 'cpu_freq': {'current': 2100.0, 'min': 0.0, 'max': 2100.0}, 'cpu_freq_per_core': [{'current': 2100.0, 'min': 0.0, 'max': 2100.0}], 'disk': {'total': 652.8701133728027, 'used': 15.206840515136719}, 'gpu': 'NVIDIA GeForce RTX 5060 Laptop GPU', 'gpu_count': 1, 'gpu_devices': [{'name': 'NVIDIA GeForce RTX 5060 Laptop GPU', 'memory_total': 8546942976}], 'memory': {'total': 15.726753234863281}}
2025-08-13 12:32:36,544 INFO    HandlerThread:25536 [system_monitor.py:probe():211] Finished collecting system info
2025-08-13 12:32:36,544 INFO    HandlerThread:25536 [system_monitor.py:probe():214] Publishing system info
2025-08-13 12:32:36,544 DEBUG   HandlerThread:25536 [system_info.py:_save_pip():51] Saving list of pip packages installed into the current environment
2025-08-13 12:32:36,544 DEBUG   HandlerThread:25536 [system_info.py:_save_pip():67] Saving pip packages done
2025-08-13 12:32:36,545 DEBUG   HandlerThread:25536 [system_info.py:_save_conda():74] Saving list of conda packages installed into the current environment
2025-08-13 12:32:36,546 ERROR   HandlerThread:25536 [system_info.py:_save_conda():85] Error saving conda packages: [WinError 2] 系统找不到指定的文件。
Traceback (most recent call last):
  File "C:\Users\32293\.conda\envs\xuance\lib\site-packages\wandb\sdk\internal\system\system_info.py", line 81, in _save_conda
    subprocess.call(
  File "C:\Users\32293\.conda\envs\xuance\lib\subprocess.py", line 345, in call
    with Popen(*popenargs, **kwargs) as p:
  File "C:\Users\32293\.conda\envs\xuance\lib\subprocess.py", line 971, in __init__
    self._execute_child(args, executable, preexec_fn, close_fds,
  File "C:\Users\32293\.conda\envs\xuance\lib\subprocess.py", line 1456, in _execute_child
    hp, ht, pid, tid = _winapi.CreateProcess(executable, args,
FileNotFoundError: [WinError 2] 系统找不到指定的文件。
2025-08-13 12:32:36,551 DEBUG   HandlerThread:25536 [system_info.py:_save_conda():86] Saving conda packages done
2025-08-13 12:32:36,551 INFO    HandlerThread:25536 [system_monitor.py:probe():216] Finished publishing system info
2025-08-13 12:32:36,566 DEBUG   HandlerThread:25536 [handler.py:handle_request():144] handle_request: status_report
2025-08-13 12:32:36,566 DEBUG   HandlerThread:25536 [handler.py:handle_request():144] handle_request: keepalive
2025-08-13 12:32:36,566 DEBUG   HandlerThread:25536 [handler.py:handle_request():144] handle_request: status_report
2025-08-13 12:32:36,566 DEBUG   HandlerThread:25536 [handler.py:handle_request():144] handle_request: keepalive
2025-08-13 12:32:36,566 DEBUG   HandlerThread:25536 [handler.py:handle_request():144] handle_request: status_report
2025-08-13 12:32:36,566 DEBUG   HandlerThread:25536 [handler.py:handle_request():144] handle_request: keepalive
2025-08-13 12:32:36,566 DEBUG   HandlerThread:25536 [handler.py:handle_request():144] handle_request: status_report
2025-08-13 12:32:36,566 DEBUG   HandlerThread:25536 [handler.py:handle_request():144] handle_request: keepalive
2025-08-13 12:32:36,566 DEBUG   SenderThread:25536 [sender.py:send():375] send: files
2025-08-13 12:32:36,567 INFO    SenderThread:25536 [sender.py:_save_file():1378] saving file wandb-metadata.json with policy now
2025-08-13 12:32:36,571 DEBUG   HandlerThread:25536 [handler.py:handle_request():144] handle_request: stop_status
2025-08-13 12:32:36,571 DEBUG   SenderThread:25536 [sender.py:send_request():402] send_request: stop_status
2025-08-13 12:32:37,299 DEBUG   SenderThread:25536 [sender.py:send():375] send: telemetry
2025-08-13 12:32:37,543 INFO    Thread-16 :25536 [dir_watcher.py:_on_file_created():278] file/dir created: D:\PycharmProjects\MyReinFlow\wandb\run-20250813_123155-y0i89rdy\files\wandb-metadata.json
2025-08-13 12:32:37,544 INFO    Thread-16 :25536 [dir_watcher.py:_on_file_created():278] file/dir created: D:\PycharmProjects\MyReinFlow\wandb\run-20250813_123155-y0i89rdy\files\requirements.txt
2025-08-13 12:32:37,544 INFO    Thread-16 :25536 [dir_watcher.py:_on_file_created():278] file/dir created: D:\PycharmProjects\MyReinFlow\wandb\run-20250813_123155-y0i89rdy\files\conda-environment.yaml
2025-08-13 12:32:37,544 INFO    Thread-16 :25536 [dir_watcher.py:_on_file_created():278] file/dir created: D:\PycharmProjects\MyReinFlow\wandb\run-20250813_123155-y0i89rdy\files\output.log
2025-08-13 12:32:37,849 INFO    wandb-upload_0:25536 [upload_job.py:push():137] Uploaded file C:\Users\32293\AppData\Local\Temp\tmpz5rb6b3swandb\jzpknvk2-wandb-metadata.json
2025-08-13 12:32:39,567 INFO    Thread-16 :25536 [dir_watcher.py:_on_file_modified():295] file/dir modified: D:\PycharmProjects\MyReinFlow\wandb\run-20250813_123155-y0i89rdy\files\output.log
2025-08-13 12:32:39,811 DEBUG   HandlerThread:25536 [handler.py:handle_request():144] handle_request: status_report
2025-08-13 12:32:39,831 DEBUG   SenderThread:25536 [sender.py:send():375] send: exit
2025-08-13 12:32:39,831 INFO    SenderThread:25536 [sender.py:send_exit():598] handling exit code: 1
2025-08-13 12:32:39,831 INFO    SenderThread:25536 [sender.py:send_exit():600] handling runtime: 24
2025-08-13 12:32:39,832 INFO    SenderThread:25536 [sender.py:_save_file():1378] saving file wandb-summary.json with policy end
2025-08-13 12:32:39,832 INFO    SenderThread:25536 [sender.py:send_exit():606] send defer
2025-08-13 12:32:39,832 DEBUG   HandlerThread:25536 [handler.py:handle_request():144] handle_request: defer
2025-08-13 12:32:39,833 INFO    HandlerThread:25536 [handler.py:handle_request_defer():170] handle defer: 0
2025-08-13 12:32:39,833 DEBUG   SenderThread:25536 [sender.py:send_request():402] send_request: defer
2025-08-13 12:32:39,833 INFO    SenderThread:25536 [sender.py:send_request_defer():622] handle sender defer: 0
2025-08-13 12:32:39,833 INFO    SenderThread:25536 [sender.py:transition_state():626] send defer: 1
2025-08-13 12:32:39,833 DEBUG   HandlerThread:25536 [handler.py:handle_request():144] handle_request: defer
2025-08-13 12:32:39,834 INFO    HandlerThread:25536 [handler.py:handle_request_defer():170] handle defer: 1
2025-08-13 12:32:39,834 DEBUG   SenderThread:25536 [sender.py:send_request():402] send_request: defer
2025-08-13 12:32:39,834 INFO    SenderThread:25536 [sender.py:send_request_defer():622] handle sender defer: 1
2025-08-13 12:32:39,834 INFO    SenderThread:25536 [sender.py:transition_state():626] send defer: 2
2025-08-13 12:32:39,834 DEBUG   HandlerThread:25536 [handler.py:handle_request():144] handle_request: defer
2025-08-13 12:32:39,834 INFO    HandlerThread:25536 [handler.py:handle_request_defer():170] handle defer: 2
2025-08-13 12:32:39,834 INFO    HandlerThread:25536 [system_monitor.py:finish():190] Stopping system monitor
2025-08-13 12:32:39,840 INFO    HandlerThread:25536 [interfaces.py:finish():202] Joined cpu monitor
2025-08-13 12:32:39,841 INFO    HandlerThread:25536 [interfaces.py:finish():202] Joined disk monitor
2025-08-13 12:32:39,841 DEBUG   SystemMonitor:25536 [system_monitor.py:_start():159] Starting system metrics aggregation loop
2025-08-13 12:32:39,841 DEBUG   SystemMonitor:25536 [system_monitor.py:_start():166] Finished system metrics aggregation loop
2025-08-13 12:32:39,841 DEBUG   SystemMonitor:25536 [system_monitor.py:_start():170] Publishing last batch of metrics
2025-08-13 12:32:39,870 INFO    HandlerThread:25536 [interfaces.py:finish():202] Joined gpu monitor
2025-08-13 12:32:39,870 INFO    HandlerThread:25536 [interfaces.py:finish():202] Joined memory monitor
2025-08-13 12:32:39,871 INFO    HandlerThread:25536 [interfaces.py:finish():202] Joined network monitor
2025-08-13 12:32:39,871 DEBUG   SenderThread:25536 [sender.py:send_request():402] send_request: defer
2025-08-13 12:32:39,871 INFO    SenderThread:25536 [sender.py:send_request_defer():622] handle sender defer: 2
2025-08-13 12:32:39,871 INFO    SenderThread:25536 [sender.py:transition_state():626] send defer: 3
2025-08-13 12:32:39,871 DEBUG   SenderThread:25536 [sender.py:send():375] send: stats
2025-08-13 12:32:39,872 DEBUG   HandlerThread:25536 [handler.py:handle_request():144] handle_request: defer
2025-08-13 12:32:39,872 INFO    HandlerThread:25536 [handler.py:handle_request_defer():170] handle defer: 3
2025-08-13 12:32:39,872 DEBUG   SenderThread:25536 [sender.py:send_request():402] send_request: defer
2025-08-13 12:32:39,872 INFO    SenderThread:25536 [sender.py:send_request_defer():622] handle sender defer: 3
2025-08-13 12:32:39,872 INFO    SenderThread:25536 [sender.py:transition_state():626] send defer: 4
2025-08-13 12:32:39,872 DEBUG   HandlerThread:25536 [handler.py:handle_request():144] handle_request: defer
2025-08-13 12:32:39,872 INFO    HandlerThread:25536 [handler.py:handle_request_defer():170] handle defer: 4
2025-08-13 12:32:39,872 DEBUG   SenderThread:25536 [sender.py:send_request():402] send_request: defer
2025-08-13 12:32:39,872 INFO    SenderThread:25536 [sender.py:send_request_defer():622] handle sender defer: 4
2025-08-13 12:32:39,872 INFO    SenderThread:25536 [sender.py:transition_state():626] send defer: 5
2025-08-13 12:32:39,872 DEBUG   HandlerThread:25536 [handler.py:handle_request():144] handle_request: defer
2025-08-13 12:32:39,872 INFO    HandlerThread:25536 [handler.py:handle_request_defer():170] handle defer: 5
2025-08-13 12:32:39,873 DEBUG   SenderThread:25536 [sender.py:send():375] send: summary
2025-08-13 12:32:39,873 INFO    SenderThread:25536 [sender.py:_save_file():1378] saving file wandb-summary.json with policy end
2025-08-13 12:32:39,873 DEBUG   SenderThread:25536 [sender.py:send_request():402] send_request: defer
2025-08-13 12:32:39,873 INFO    SenderThread:25536 [sender.py:send_request_defer():622] handle sender defer: 5
2025-08-13 12:32:39,873 INFO    SenderThread:25536 [sender.py:transition_state():626] send defer: 6
2025-08-13 12:32:39,873 DEBUG   HandlerThread:25536 [handler.py:handle_request():144] handle_request: defer
2025-08-13 12:32:39,873 INFO    HandlerThread:25536 [handler.py:handle_request_defer():170] handle defer: 6
2025-08-13 12:32:39,874 DEBUG   SenderThread:25536 [sender.py:send_request():402] send_request: defer
2025-08-13 12:32:39,874 INFO    SenderThread:25536 [sender.py:send_request_defer():622] handle sender defer: 6
2025-08-13 12:32:39,876 DEBUG   HandlerThread:25536 [handler.py:handle_request():144] handle_request: status_report
2025-08-13 12:32:40,306 INFO    SenderThread:25536 [sender.py:transition_state():626] send defer: 7
2025-08-13 12:32:40,306 DEBUG   HandlerThread:25536 [handler.py:handle_request():144] handle_request: defer
2025-08-13 12:32:40,306 INFO    HandlerThread:25536 [handler.py:handle_request_defer():170] handle defer: 7
2025-08-13 12:32:40,306 DEBUG   SenderThread:25536 [sender.py:send_request():402] send_request: defer
2025-08-13 12:32:40,307 INFO    SenderThread:25536 [sender.py:send_request_defer():622] handle sender defer: 7
2025-08-13 12:32:40,569 INFO    Thread-16 :25536 [dir_watcher.py:_on_file_modified():295] file/dir modified: D:\PycharmProjects\MyReinFlow\wandb\run-20250813_123155-y0i89rdy\files\config.yaml
2025-08-13 12:32:40,569 INFO    Thread-16 :25536 [dir_watcher.py:_on_file_modified():295] file/dir modified: D:\PycharmProjects\MyReinFlow\wandb\run-20250813_123155-y0i89rdy\files\wandb-summary.json
2025-08-13 12:32:40,881 DEBUG   HandlerThread:25536 [handler.py:handle_request():144] handle_request: poll_exit
2025-08-13 12:32:41,581 INFO    Thread-16 :25536 [dir_watcher.py:_on_file_modified():295] file/dir modified: D:\PycharmProjects\MyReinFlow\wandb\run-20250813_123155-y0i89rdy\files\output.log
2025-08-13 12:32:43,139 INFO    SenderThread:25536 [sender.py:transition_state():626] send defer: 8
2025-08-13 12:32:43,139 DEBUG   SenderThread:25536 [sender.py:send_request():402] send_request: poll_exit
2025-08-13 12:32:43,139 DEBUG   HandlerThread:25536 [handler.py:handle_request():144] handle_request: defer
2025-08-13 12:32:43,140 INFO    HandlerThread:25536 [handler.py:handle_request_defer():170] handle defer: 8
2025-08-13 12:32:43,140 DEBUG   SenderThread:25536 [sender.py:send_request():402] send_request: defer
2025-08-13 12:32:43,140 INFO    SenderThread:25536 [sender.py:send_request_defer():622] handle sender defer: 8
2025-08-13 12:32:43,140 INFO    SenderThread:25536 [sender.py:transition_state():626] send defer: 9
2025-08-13 12:32:43,140 DEBUG   HandlerThread:25536 [handler.py:handle_request():144] handle_request: defer
2025-08-13 12:32:43,140 INFO    HandlerThread:25536 [handler.py:handle_request_defer():170] handle defer: 9
2025-08-13 12:32:43,140 DEBUG   SenderThread:25536 [sender.py:send_request():402] send_request: defer
2025-08-13 12:32:43,140 INFO    SenderThread:25536 [sender.py:send_request_defer():622] handle sender defer: 9
2025-08-13 12:32:43,141 INFO    SenderThread:25536 [dir_watcher.py:finish():365] shutting down directory watcher
2025-08-13 12:32:43,607 INFO    SenderThread:25536 [dir_watcher.py:_on_file_modified():295] file/dir modified: D:\PycharmProjects\MyReinFlow\wandb\run-20250813_123155-y0i89rdy\files\output.log
2025-08-13 12:32:43,607 INFO    SenderThread:25536 [dir_watcher.py:finish():395] scan: D:\PycharmProjects\MyReinFlow\wandb\run-20250813_123155-y0i89rdy\files
2025-08-13 12:32:43,607 INFO    SenderThread:25536 [dir_watcher.py:finish():409] scan save: D:\PycharmProjects\MyReinFlow\wandb\run-20250813_123155-y0i89rdy\files\conda-environment.yaml conda-environment.yaml
2025-08-13 12:32:43,607 INFO    SenderThread:25536 [dir_watcher.py:finish():409] scan save: D:\PycharmProjects\MyReinFlow\wandb\run-20250813_123155-y0i89rdy\files\config.yaml config.yaml
2025-08-13 12:32:43,608 INFO    SenderThread:25536 [dir_watcher.py:finish():409] scan save: D:\PycharmProjects\MyReinFlow\wandb\run-20250813_123155-y0i89rdy\files\output.log output.log
2025-08-13 12:32:43,609 INFO    SenderThread:25536 [dir_watcher.py:finish():409] scan save: D:\PycharmProjects\MyReinFlow\wandb\run-20250813_123155-y0i89rdy\files\requirements.txt requirements.txt
2025-08-13 12:32:43,611 INFO    SenderThread:25536 [dir_watcher.py:finish():409] scan save: D:\PycharmProjects\MyReinFlow\wandb\run-20250813_123155-y0i89rdy\files\wandb-metadata.json wandb-metadata.json
2025-08-13 12:32:43,611 INFO    SenderThread:25536 [dir_watcher.py:finish():409] scan save: D:\PycharmProjects\MyReinFlow\wandb\run-20250813_123155-y0i89rdy\files\wandb-summary.json wandb-summary.json
2025-08-13 12:32:43,613 INFO    SenderThread:25536 [sender.py:transition_state():626] send defer: 10
2025-08-13 12:32:43,614 DEBUG   HandlerThread:25536 [handler.py:handle_request():144] handle_request: defer
2025-08-13 12:32:43,615 INFO    HandlerThread:25536 [handler.py:handle_request_defer():170] handle defer: 10
2025-08-13 12:32:43,617 DEBUG   SenderThread:25536 [sender.py:send_request():402] send_request: defer
2025-08-13 12:32:43,617 INFO    SenderThread:25536 [sender.py:send_request_defer():622] handle sender defer: 10
2025-08-13 12:32:43,617 INFO    SenderThread:25536 [file_pusher.py:finish():167] shutting down file pusher
2025-08-13 12:32:44,963 INFO    wandb-upload_0:25536 [upload_job.py:push():137] Uploaded file D:\PycharmProjects\MyReinFlow\wandb\run-20250813_123155-y0i89rdy\files\config.yaml
2025-08-13 12:32:45,629 DEBUG   HandlerThread:25536 [handler.py:handle_request():144] handle_request: status_report
2025-08-13 12:32:45,940 DEBUG   HandlerThread:25536 [handler.py:handle_request():144] handle_request: keepalive
2025-08-13 12:32:49,404 ERROR   wandb-upload_1:25536 [internal_api.py:upload_file():2099] upload_file exception https://storage.googleapis.com/wandb-production.appspot.com/ucas-feng/behavioral-cloning/y0i89rdy/output.log?X-Goog-Algorithm=GOOG4-RSA-SHA256&X-Goog-Credential=gorilla-files-url-signer-man%40wandb-production.iam.gserviceaccount.com%2F20250813%2Fauto%2Fstorage%2Fgoog4_request&X-Goog-Date=20250813T043244Z&X-Goog-Expires=86399&X-Goog-Signature=9734b135105bb8ca151fbd87eb6b7d5f54af3214d2ccb8ac0c1eddb3ef36e9f2d3f3c652e38b3df139d0aa36c80bc6d64e5da78ac432948b52672c33fce81d5a1cc19a78301d706148a2193a5f64459d0a6afd64b5a6bee5cb68d76b686dda044a78424b4b97c4af55dfc4fa7044b578f2d1ecfc982fc3cc39912e9ad7fb57fcabc3dacb0bf107d618b0a2075b1a0a732843525f1345159afa523c5dab65eca51be43f6e4cbfb3baf746bda12c17a3665636d070ea41e8ed5125600431c5992378f701026b103f129fdc9ccc07e4abc9fea9d69524744afec18bb45dbb0511c9d2f11b91d1a92e0e78c6cac4f6457f3c8cd5d7de5ceb657fdd066674565c00ac&X-Goog-SignedHeaders=host&X-User=f3507167: HTTPSConnectionPool(host='storage.googleapis.com', port=443): Max retries exceeded with url: /wandb-production.appspot.com/ucas-feng/behavioral-cloning/y0i89rdy/output.log?X-Goog-Algorithm=GOOG4-RSA-SHA256&X-Goog-Credential=gorilla-files-url-signer-man%40wandb-production.iam.gserviceaccount.com%2F20250813%2Fauto%2Fstorage%2Fgoog4_request&X-Goog-Date=20250813T043244Z&X-Goog-Expires=86399&X-Goog-Signature=9734b135105bb8ca151fbd87eb6b7d5f54af3214d2ccb8ac0c1eddb3ef36e9f2d3f3c652e38b3df139d0aa36c80bc6d64e5da78ac432948b52672c33fce81d5a1cc19a78301d706148a2193a5f64459d0a6afd64b5a6bee5cb68d76b686dda044a78424b4b97c4af55dfc4fa7044b578f2d1ecfc982fc3cc39912e9ad7fb57fcabc3dacb0bf107d618b0a2075b1a0a732843525f1345159afa523c5dab65eca51be43f6e4cbfb3baf746bda12c17a3665636d070ea41e8ed5125600431c5992378f701026b103f129fdc9ccc07e4abc9fea9d69524744afec18bb45dbb0511c9d2f11b91d1a92e0e78c6cac4f6457f3c8cd5d7de5ceb657fdd066674565c00ac&X-Goog-SignedHeaders=host&X-User=f3507167 (Caused by SSLError(SSLEOFError(8, '[SSL: UNEXPECTED_EOF_WHILE_READING] EOF occurred in violation of protocol (_ssl.c:1017)')))
2025-08-13 12:32:49,405 ERROR   wandb-upload_1:25536 [internal_api.py:upload_file():2101] upload_file request headers: {'User-Agent': 'python-requests/2.32.4', 'Accept-Encoding': 'gzip, deflate', 'Accept': '*/*', 'Connection': 'keep-alive', 'Content-Length': '3554'}
2025-08-13 12:32:49,405 ERROR   wandb-upload_1:25536 [internal_api.py:upload_file():2103] upload_file response body: 
2025-08-13 12:32:50,675 DEBUG   HandlerThread:25536 [handler.py:handle_request():144] handle_request: status_report
2025-08-13 12:32:50,992 DEBUG   HandlerThread:25536 [handler.py:handle_request():144] handle_request: keepalive
2025-08-13 12:32:55,494 ERROR   wandb-upload_1:25536 [internal_api.py:upload_file():2099] upload_file exception https://storage.googleapis.com/wandb-production.appspot.com/ucas-feng/behavioral-cloning/y0i89rdy/output.log?X-Goog-Algorithm=GOOG4-RSA-SHA256&X-Goog-Credential=gorilla-files-url-signer-man%40wandb-production.iam.gserviceaccount.com%2F20250813%2Fauto%2Fstorage%2Fgoog4_request&X-Goog-Date=20250813T043244Z&X-Goog-Expires=86399&X-Goog-Signature=9734b135105bb8ca151fbd87eb6b7d5f54af3214d2ccb8ac0c1eddb3ef36e9f2d3f3c652e38b3df139d0aa36c80bc6d64e5da78ac432948b52672c33fce81d5a1cc19a78301d706148a2193a5f64459d0a6afd64b5a6bee5cb68d76b686dda044a78424b4b97c4af55dfc4fa7044b578f2d1ecfc982fc3cc39912e9ad7fb57fcabc3dacb0bf107d618b0a2075b1a0a732843525f1345159afa523c5dab65eca51be43f6e4cbfb3baf746bda12c17a3665636d070ea41e8ed5125600431c5992378f701026b103f129fdc9ccc07e4abc9fea9d69524744afec18bb45dbb0511c9d2f11b91d1a92e0e78c6cac4f6457f3c8cd5d7de5ceb657fdd066674565c00ac&X-Goog-SignedHeaders=host&X-User=f3507167: HTTPSConnectionPool(host='storage.googleapis.com', port=443): Max retries exceeded with url: /wandb-production.appspot.com/ucas-feng/behavioral-cloning/y0i89rdy/output.log?X-Goog-Algorithm=GOOG4-RSA-SHA256&X-Goog-Credential=gorilla-files-url-signer-man%40wandb-production.iam.gserviceaccount.com%2F20250813%2Fauto%2Fstorage%2Fgoog4_request&X-Goog-Date=20250813T043244Z&X-Goog-Expires=86399&X-Goog-Signature=9734b135105bb8ca151fbd87eb6b7d5f54af3214d2ccb8ac0c1eddb3ef36e9f2d3f3c652e38b3df139d0aa36c80bc6d64e5da78ac432948b52672c33fce81d5a1cc19a78301d706148a2193a5f64459d0a6afd64b5a6bee5cb68d76b686dda044a78424b4b97c4af55dfc4fa7044b578f2d1ecfc982fc3cc39912e9ad7fb57fcabc3dacb0bf107d618b0a2075b1a0a732843525f1345159afa523c5dab65eca51be43f6e4cbfb3baf746bda12c17a3665636d070ea41e8ed5125600431c5992378f701026b103f129fdc9ccc07e4abc9fea9d69524744afec18bb45dbb0511c9d2f11b91d1a92e0e78c6cac4f6457f3c8cd5d7de5ceb657fdd066674565c00ac&X-Goog-SignedHeaders=host&X-User=f3507167 (Caused by SSLError(SSLEOFError(8, '[SSL: UNEXPECTED_EOF_WHILE_READING] EOF occurred in violation of protocol (_ssl.c:1017)')))
2025-08-13 12:32:55,494 ERROR   wandb-upload_1:25536 [internal_api.py:upload_file():2101] upload_file request headers: {'User-Agent': 'python-requests/2.32.4', 'Accept-Encoding': 'gzip, deflate', 'Accept': '*/*', 'Connection': 'keep-alive', 'Content-Length': '3554'}
2025-08-13 12:32:55,494 ERROR   wandb-upload_1:25536 [internal_api.py:upload_file():2103] upload_file response body: 
2025-08-13 12:32:55,714 DEBUG   HandlerThread:25536 [handler.py:handle_request():144] handle_request: status_report
2025-08-13 12:32:56,040 DEBUG   HandlerThread:25536 [handler.py:handle_request():144] handle_request: keepalive
2025-08-13 12:32:59,679 INFO    wandb-upload_3:25536 [retry.py:__call__():172] Retry attempt failed:
urllib3.exceptions.SSLError: [SSL: UNEXPECTED_EOF_WHILE_READING] EOF occurred in violation of protocol (_ssl.c:1017)

The above exception was the direct cause of the following exception:

Traceback (most recent call last):
  File "C:\Users\32293\.conda\envs\xuance\lib\site-packages\requests\adapters.py", line 667, in send
    resp = conn.urlopen(
  File "C:\Users\32293\.conda\envs\xuance\lib\site-packages\urllib3\connectionpool.py", line 841, in urlopen
    retries = retries.increment(
  File "C:\Users\32293\.conda\envs\xuance\lib\site-packages\urllib3\util\retry.py", line 519, in increment
    raise MaxRetryError(_pool, url, reason) from reason  # type: ignore[arg-type]
urllib3.exceptions.MaxRetryError: HTTPSConnectionPool(host='api.wandb.ai', port=443): Max retries exceeded with url: /graphql (Caused by SSLError(SSLEOFError(8, '[SSL: UNEXPECTED_EOF_WHILE_READING] EOF occurred in violation of protocol (_ssl.c:1017)')))

During handling of the above exception, another exception occurred:

Traceback (most recent call last):
  File "C:\Users\32293\.conda\envs\xuance\lib\site-packages\wandb\sdk\lib\retry.py", line 131, in __call__
    result = self._call_fn(*args, **kwargs)
  File "C:\Users\32293\.conda\envs\xuance\lib\site-packages\wandb\sdk\internal\internal_api.py", line 285, in execute
    return self.client.execute(*args, **kwargs)  # type: ignore
  File "C:\Users\32293\.conda\envs\xuance\lib\site-packages\wandb\vendor\gql-0.2.0\wandb_gql\client.py", line 52, in execute
    result = self._get_result(document, *args, **kwargs)
  File "C:\Users\32293\.conda\envs\xuance\lib\site-packages\wandb\vendor\gql-0.2.0\wandb_gql\client.py", line 60, in _get_result
    return self.transport.execute(document, *args, **kwargs)
  File "C:\Users\32293\.conda\envs\xuance\lib\site-packages\wandb\sdk\lib\gql_request.py", line 55, in execute
    request = self.session.post(self.url, **post_args)
  File "C:\Users\32293\.conda\envs\xuance\lib\site-packages\requests\sessions.py", line 637, in post
    return self.request("POST", url, data=data, json=json, **kwargs)
  File "C:\Users\32293\.conda\envs\xuance\lib\site-packages\requests\sessions.py", line 589, in request
    resp = self.send(prep, **send_kwargs)
  File "C:\Users\32293\.conda\envs\xuance\lib\site-packages\requests\sessions.py", line 703, in send
    r = adapter.send(request, **kwargs)
  File "C:\Users\32293\.conda\envs\xuance\lib\site-packages\requests\adapters.py", line 698, in send
    raise SSLError(e, request=request)
requests.exceptions.SSLError: HTTPSConnectionPool(host='api.wandb.ai', port=443): Max retries exceeded with url: /graphql (Caused by SSLError(SSLEOFError(8, '[SSL: UNEXPECTED_EOF_WHILE_READING] EOF occurred in violation of protocol (_ssl.c:1017)')))
2025-08-13 12:33:00,502 ERROR   wandb-upload_2:25536 [internal_api.py:upload_file():2099] upload_file exception https://storage.googleapis.com/wandb-production.appspot.com/ucas-feng/behavioral-cloning/y0i89rdy/requirements.txt?X-Goog-Algorithm=GOOG4-RSA-SHA256&X-Goog-Credential=gorilla-files-url-signer-man%40wandb-production.iam.gserviceaccount.com%2F20250813%2Fauto%2Fstorage%2Fgoog4_request&X-Goog-Date=20250813T043255Z&X-Goog-Expires=86399&X-Goog-Signature=8b4d5c677e5911e976275108953959259567e7d89476c428e6f3d5ba8de00661082725dbe881bbfa4e07600dd1ef69404bdad305607d3e3f1186d621dbbb9ed312d9179d6ecdc5c45f377280b93a2b3d80a350c0898b5d540f047b7de0a06d4c1d4333cbd022563af700ae2c1c249e62bae6f9054d8252365ce4355a9d5806a0ae7e4863314125e748e23d404da06ec659ecb3d963b39b1ea70a513fa516616cf32918a90f6a50395dfa539fadb7bc8e5cd7874fba3e4170dfba3892c2425ad9608938b382b8a6e7c2b9d0720580328121996c112c6456abb13bcd5f7c5951074dcfc86f05b969adf580d5f0de1c516a15f88dbcdbac3bd8d01d082913613b68&X-Goog-SignedHeaders=host&X-User=f3507167: HTTPSConnectionPool(host='storage.googleapis.com', port=443): Max retries exceeded with url: /wandb-production.appspot.com/ucas-feng/behavioral-cloning/y0i89rdy/requirements.txt?X-Goog-Algorithm=GOOG4-RSA-SHA256&X-Goog-Credential=gorilla-files-url-signer-man%40wandb-production.iam.gserviceaccount.com%2F20250813%2Fauto%2Fstorage%2Fgoog4_request&X-Goog-Date=20250813T043255Z&X-Goog-Expires=86399&X-Goog-Signature=8b4d5c677e5911e976275108953959259567e7d89476c428e6f3d5ba8de00661082725dbe881bbfa4e07600dd1ef69404bdad305607d3e3f1186d621dbbb9ed312d9179d6ecdc5c45f377280b93a2b3d80a350c0898b5d540f047b7de0a06d4c1d4333cbd022563af700ae2c1c249e62bae6f9054d8252365ce4355a9d5806a0ae7e4863314125e748e23d404da06ec659ecb3d963b39b1ea70a513fa516616cf32918a90f6a50395dfa539fadb7bc8e5cd7874fba3e4170dfba3892c2425ad9608938b382b8a6e7c2b9d0720580328121996c112c6456abb13bcd5f7c5951074dcfc86f05b969adf580d5f0de1c516a15f88dbcdbac3bd8d01d082913613b68&X-Goog-SignedHeaders=host&X-User=f3507167 (Caused by SSLError(SSLEOFError(8, '[SSL: UNEXPECTED_EOF_WHILE_READING] EOF occurred in violation of protocol (_ssl.c:1017)')))
2025-08-13 12:33:00,502 ERROR   wandb-upload_2:25536 [internal_api.py:upload_file():2101] upload_file request headers: {'User-Agent': 'python-requests/2.32.4', 'Accept-Encoding': 'gzip, deflate', 'Accept': '*/*', 'Connection': 'keep-alive', 'Content-Length': '3388'}
2025-08-13 12:33:00,502 ERROR   wandb-upload_2:25536 [internal_api.py:upload_file():2103] upload_file response body: 
2025-08-13 12:33:00,773 DEBUG   HandlerThread:25536 [handler.py:handle_request():144] handle_request: status_report
2025-08-13 12:33:01,099 DEBUG   HandlerThread:25536 [handler.py:handle_request():144] handle_request: keepalive
2025-08-13 12:33:03,486 INFO    wandb-upload_3:25536 [upload_job.py:push():137] Uploaded file D:\PycharmProjects\MyReinFlow\wandb\run-20250813_123155-y0i89rdy\files\wandb-summary.json
2025-08-13 12:33:05,815 DEBUG   HandlerThread:25536 [handler.py:handle_request():144] handle_request: status_report
2025-08-13 12:33:06,141 DEBUG   HandlerThread:25536 [handler.py:handle_request():144] handle_request: keepalive
2025-08-13 12:33:06,725 ERROR   wandb-upload_2:25536 [internal_api.py:upload_file():2099] upload_file exception https://storage.googleapis.com/wandb-production.appspot.com/ucas-feng/behavioral-cloning/y0i89rdy/requirements.txt?X-Goog-Algorithm=GOOG4-RSA-SHA256&X-Goog-Credential=gorilla-files-url-signer-man%40wandb-production.iam.gserviceaccount.com%2F20250813%2Fauto%2Fstorage%2Fgoog4_request&X-Goog-Date=20250813T043255Z&X-Goog-Expires=86399&X-Goog-Signature=8b4d5c677e5911e976275108953959259567e7d89476c428e6f3d5ba8de00661082725dbe881bbfa4e07600dd1ef69404bdad305607d3e3f1186d621dbbb9ed312d9179d6ecdc5c45f377280b93a2b3d80a350c0898b5d540f047b7de0a06d4c1d4333cbd022563af700ae2c1c249e62bae6f9054d8252365ce4355a9d5806a0ae7e4863314125e748e23d404da06ec659ecb3d963b39b1ea70a513fa516616cf32918a90f6a50395dfa539fadb7bc8e5cd7874fba3e4170dfba3892c2425ad9608938b382b8a6e7c2b9d0720580328121996c112c6456abb13bcd5f7c5951074dcfc86f05b969adf580d5f0de1c516a15f88dbcdbac3bd8d01d082913613b68&X-Goog-SignedHeaders=host&X-User=f3507167: HTTPSConnectionPool(host='storage.googleapis.com', port=443): Max retries exceeded with url: /wandb-production.appspot.com/ucas-feng/behavioral-cloning/y0i89rdy/requirements.txt?X-Goog-Algorithm=GOOG4-RSA-SHA256&X-Goog-Credential=gorilla-files-url-signer-man%40wandb-production.iam.gserviceaccount.com%2F20250813%2Fauto%2Fstorage%2Fgoog4_request&X-Goog-Date=20250813T043255Z&X-Goog-Expires=86399&X-Goog-Signature=8b4d5c677e5911e976275108953959259567e7d89476c428e6f3d5ba8de00661082725dbe881bbfa4e07600dd1ef69404bdad305607d3e3f1186d621dbbb9ed312d9179d6ecdc5c45f377280b93a2b3d80a350c0898b5d540f047b7de0a06d4c1d4333cbd022563af700ae2c1c249e62bae6f9054d8252365ce4355a9d5806a0ae7e4863314125e748e23d404da06ec659ecb3d963b39b1ea70a513fa516616cf32918a90f6a50395dfa539fadb7bc8e5cd7874fba3e4170dfba3892c2425ad9608938b382b8a6e7c2b9d0720580328121996c112c6456abb13bcd5f7c5951074dcfc86f05b969adf580d5f0de1c516a15f88dbcdbac3bd8d01d082913613b68&X-Goog-SignedHeaders=host&X-User=f3507167 (Caused by SSLError(SSLEOFError(8, '[SSL: UNEXPECTED_EOF_WHILE_READING] EOF occurred in violation of protocol (_ssl.c:1017)')))
2025-08-13 12:33:06,725 ERROR   wandb-upload_2:25536 [internal_api.py:upload_file():2101] upload_file request headers: {'User-Agent': 'python-requests/2.32.4', 'Accept-Encoding': 'gzip, deflate', 'Accept': '*/*', 'Connection': 'keep-alive', 'Content-Length': '3388'}
2025-08-13 12:33:06,725 ERROR   wandb-upload_2:25536 [internal_api.py:upload_file():2103] upload_file response body: 
2025-08-13 12:33:08,678 INFO    wandb-upload_1:25536 [upload_job.py:push():137] Uploaded file D:\PycharmProjects\MyReinFlow\wandb\run-20250813_123155-y0i89rdy\files\output.log
2025-08-13 12:33:09,548 INFO    wandb-upload_2:25536 [upload_job.py:push():137] Uploaded file D:\PycharmProjects\MyReinFlow\wandb\run-20250813_123155-y0i89rdy\files\requirements.txt
2025-08-13 12:33:09,750 INFO    Thread-15 (_thread_body):25536 [sender.py:transition_state():626] send defer: 11
2025-08-13 12:33:09,750 DEBUG   HandlerThread:25536 [handler.py:handle_request():144] handle_request: defer
2025-08-13 12:33:09,751 INFO    HandlerThread:25536 [handler.py:handle_request_defer():170] handle defer: 11
2025-08-13 12:33:09,751 DEBUG   SenderThread:25536 [sender.py:send_request():402] send_request: defer
2025-08-13 12:33:09,751 INFO    SenderThread:25536 [sender.py:send_request_defer():622] handle sender defer: 11
2025-08-13 12:33:09,752 INFO    SenderThread:25536 [file_pusher.py:join():172] waiting for file pusher
2025-08-13 12:33:09,752 INFO    SenderThread:25536 [sender.py:transition_state():626] send defer: 12
2025-08-13 12:33:09,752 DEBUG   HandlerThread:25536 [handler.py:handle_request():144] handle_request: defer
2025-08-13 12:33:09,752 INFO    HandlerThread:25536 [handler.py:handle_request_defer():170] handle defer: 12
2025-08-13 12:33:09,752 DEBUG   SenderThread:25536 [sender.py:send_request():402] send_request: defer
2025-08-13 12:33:09,752 INFO    SenderThread:25536 [sender.py:send_request_defer():622] handle sender defer: 12
2025-08-13 12:33:10,151 INFO    SenderThread:25536 [sender.py:transition_state():626] send defer: 13
2025-08-13 12:33:10,151 DEBUG   HandlerThread:25536 [handler.py:handle_request():144] handle_request: defer
2025-08-13 12:33:10,151 INFO    HandlerThread:25536 [handler.py:handle_request_defer():170] handle defer: 13
2025-08-13 12:33:10,151 DEBUG   SenderThread:25536 [sender.py:send_request():402] send_request: defer
2025-08-13 12:33:10,151 INFO    SenderThread:25536 [sender.py:send_request_defer():622] handle sender defer: 13
2025-08-13 12:33:10,151 INFO    SenderThread:25536 [sender.py:transition_state():626] send defer: 14
2025-08-13 12:33:10,152 DEBUG   HandlerThread:25536 [handler.py:handle_request():144] handle_request: defer
2025-08-13 12:33:10,152 DEBUG   SenderThread:25536 [sender.py:send():375] send: final
2025-08-13 12:33:10,152 INFO    HandlerThread:25536 [handler.py:handle_request_defer():170] handle defer: 14
2025-08-13 12:33:10,152 DEBUG   SenderThread:25536 [sender.py:send():375] send: footer
2025-08-13 12:33:10,152 DEBUG   SenderThread:25536 [sender.py:send_request():402] send_request: defer
2025-08-13 12:33:10,152 INFO    SenderThread:25536 [sender.py:send_request_defer():622] handle sender defer: 14
2025-08-13 12:33:10,152 DEBUG   HandlerThread:25536 [handler.py:handle_request():144] handle_request: poll_exit
2025-08-13 12:33:10,153 DEBUG   HandlerThread:25536 [handler.py:handle_request():144] handle_request: server_info
2025-08-13 12:33:10,153 DEBUG   HandlerThread:25536 [handler.py:handle_request():144] handle_request: get_summary
2025-08-13 12:33:10,153 DEBUG   HandlerThread:25536 [handler.py:handle_request():144] handle_request: sampled_history
2025-08-13 12:33:10,153 DEBUG   SenderThread:25536 [sender.py:send_request():402] send_request: poll_exit
2025-08-13 12:33:10,153 DEBUG   SenderThread:25536 [sender.py:send_request():402] send_request: server_info
2025-08-13 12:33:10,782 INFO    MainThread:25536 [wandb_run.py:_footer_history_summary_info():3469] rendering history
2025-08-13 12:33:10,782 INFO    MainThread:25536 [wandb_run.py:_footer_history_summary_info():3501] rendering summary
2025-08-13 12:33:10,782 INFO    MainThread:25536 [wandb_run.py:_footer_sync_info():3428] logging synced files
2025-08-13 12:33:10,782 DEBUG   HandlerThread:25536 [handler.py:handle_request():144] handle_request: shutdown
2025-08-13 12:33:10,782 INFO    HandlerThread:25536 [handler.py:finish():842] shutting down handler
2025-08-13 12:33:11,154 INFO    WriterThread:25536 [datastore.py:close():298] close: D:\PycharmProjects\MyReinFlow\wandb\run-20250813_123155-y0i89rdy\run-y0i89rdy.wandb
2025-08-13 12:33:11,796 INFO    SenderThread:25536 [sender.py:finish():1550] shutting down sender
2025-08-13 12:33:11,796 INFO    SenderThread:25536 [file_pusher.py:finish():167] shutting down file pusher
2025-08-13 12:33:11,796 INFO    SenderThread:25536 [file_pusher.py:join():172] waiting for file pusher
